g:\test\game_server\pro.win32\gameserver\gataway_server\x64\debug\vc141.pdb
g:\test\game_server\pro.win32\gameserver\gataway_server\x64\debug\vc141.idb
g:\test\game_server\pro.win32\gameserver\gataway_server\x64\debug\json_extends.obj
g:\test\game_server\pro.win32\gameserver\gataway_server\x64\debug\game_command.obj
g:\test\game_server\pro.win32\gameserver\gataway_server\x64\debug\from_client.obj
g:\test\game_server\pro.win32\gameserver\gataway_server\x64\debug\gw_config.obj
g:\test\game_server\pro.win32\gameserver\gataway_server\x64\debug\main.obj
g:\test\game_server\pro.win32\gameserver\gataway_server\x64\debug\server_post.obj
g:\test\game_server\pro.win32\gameserver\gataway_server\x64\debug\server_return.obj
g:\test\game_server\pro.win32\gameserver\gataway_server\x64\debug\server_session.obj
g:\test\game_server\pro.win32\gameserver\gataway_server\x64\debug\session_key_man.obj
g:\test\game_server\pro.win32\gameserver\gataway_server\x64\debug\netbus.obj
g:\test\game_server\pro.win32\gameserver\gataway_server\x64\debug\session.obj
g:\test\game_server\pro.win32\gameserver\gataway_server\x64\debug\cache_allocer.obj
g:\test\game_server\pro.win32\gameserver\gataway_server\x64\debug\hash_int_map.obj
g:\test\game_server\pro.win32\gameserver\gataway_server\x64\debug\log.obj
g:\test\game_server\pro.win32\gameserver\gataway_server\x64\debug\ramdom.obj
g:\test\game_server\pro.win32\gameserver\gataway_server\x64\debug\timer_list.obj
g:\test\game_server\pro.win32\gameserver\gataway_server\x64\debug\timestamp.obj
g:\test\game_server\pro.win32\gameserver\gataway_server\x64\debug\vector_array.obj
g:\test\game_server\pro.win32\gameserver\gataway_server\x64\debug\win32_time.obj
g:\test\game_server\pro.win32\gameserver\gataway_server\x64\debug\base64_decode.obj
g:\test\game_server\pro.win32\gameserver\gataway_server\x64\debug\base64_encoder.obj
g:\test\game_server\pro.win32\gameserver\gataway_server\x64\debug\sha1.obj
g:\test\game_server\pro.win32\gameserver\gataway_server\x64\debug\http_parser.obj
g:\test\game_server\pro.win32\gameserver\gataway_server\x64\debug\md5.obj
g:\test\game_server\pro.win32\gameserver\gataway_server\x64\debug\json.obj
g:\test\game_server\pro.win32\gameserver\gataway_server\x64\debug\gataway_server.tlog\cl.command.1.tlog
g:\test\game_server\pro.win32\gameserver\gataway_server\x64\debug\gataway_server.tlog\cl.read.1.tlog
g:\test\game_server\pro.win32\gameserver\gataway_server\x64\debug\gataway_server.tlog\cl.write.1.tlog
