  Win32_Time.c
  vector_array.c
  timestamp.c
  timer_list.c
  ramdom.c
  log.c
  hash_int_map.c
  cache_allocer.c
  session.c
  server_uv.c
  netbus.c
  session_key_man.c
  server_session.c
  server_return.c
  server_post.c
  main.c
  gw_config.c
  from_client.c
  game_command.c
  json_extends.c
  正在生成代码...
  正在编译...
  json.c
g:\test\game_server\3rd\mjson\json.c(1339): warning C4477: “fprintf”: 格式字符串“%lX”需要类型“unsigned long”的参数，但可变参数 1 拥有了类型“int64_t”
  g:\test\game_server\3rd\mjson\json.c(1339): note: 请考虑在格式字符串中使用“%llX”
  g:\test\game_server\3rd\mjson\json.c(1339): note: 请考虑在格式字符串中使用“%I64X”
  md5.c
  http_parser.c
  sha1.c
  base64_encoder.c
  base64_decode.c
  正在生成代码...
  gataway_server.vcxproj -> G:\test\game_server\pro.win32\gameserver\Debug\gataway_server.exe
  gataway_server.vcxproj -> G:\test\game_server\pro.win32\gameserver\Debug\gataway_server.pdb (Partial PDB)
