g:\test\game_server\pro.win32\gameserver\center_server\debug\vc141.pdb
g:\test\game_server\pro.win32\gameserver\center_server\debug\vc141.idb
g:\test\game_server\pro.win32\gameserver\center_server\debug\json_extends.obj
g:\test\game_server\pro.win32\gameserver\center_server\debug\auth.obj
g:\test\game_server\pro.win32\gameserver\center_server\debug\cener_config.obj
g:\test\game_server\pro.win32\gameserver\center_server\debug\center_services.obj
g:\test\game_server\pro.win32\gameserver\center_server\debug\main.obj
g:\test\game_server\pro.win32\gameserver\center_server\debug\login.model.obj
g:\test\game_server\pro.win32\gameserver\center_server\debug\center_database.obj
g:\test\game_server\pro.win32\gameserver\center_server\debug\center_db_config.obj
g:\test\game_server\pro.win32\gameserver\center_server\debug\game_command.obj
g:\test\game_server\pro.win32\gameserver\center_server\debug\netbus.obj
g:\test\game_server\pro.win32\gameserver\center_server\debug\server_uv.obj
g:\test\game_server\pro.win32\gameserver\center_server\debug\session.obj
g:\test\game_server\pro.win32\gameserver\center_server\debug\cache_allocer.obj
g:\test\game_server\pro.win32\gameserver\center_server\debug\hash_int_map.obj
g:\test\game_server\pro.win32\gameserver\center_server\debug\log.obj
g:\test\game_server\pro.win32\gameserver\center_server\debug\ramdom.obj
g:\test\game_server\pro.win32\gameserver\center_server\debug\timer_list.obj
g:\test\game_server\pro.win32\gameserver\center_server\debug\timestamp.obj
g:\test\game_server\pro.win32\gameserver\center_server\debug\vector_array.obj
g:\test\game_server\pro.win32\gameserver\center_server\debug\win32_time.obj
g:\test\game_server\pro.win32\gameserver\center_server\debug\base64_decode.obj
g:\test\game_server\pro.win32\gameserver\center_server\debug\base64_encoder.obj
g:\test\game_server\pro.win32\gameserver\center_server\debug\sha1.obj
g:\test\game_server\pro.win32\gameserver\center_server\debug\http_parser.obj
g:\test\game_server\pro.win32\gameserver\center_server\debug\md5.obj
g:\test\game_server\pro.win32\gameserver\center_server\debug\json.obj
g:\test\game_server\pro.win32\gameserver\debug\center_server.ilk
g:\test\game_server\pro.win32\gameserver\debug\center_server.exe
g:\test\game_server\pro.win32\gameserver\debug\center_server.pdb
g:\test\game_server\pro.win32\gameserver\center_server\debug\center_server.tlog\cl.command.1.tlog
g:\test\game_server\pro.win32\gameserver\center_server\debug\center_server.tlog\cl.read.1.tlog
g:\test\game_server\pro.win32\gameserver\center_server\debug\center_server.tlog\cl.write.1.tlog
g:\test\game_server\pro.win32\gameserver\center_server\debug\center_server.tlog\link.command.1.tlog
g:\test\game_server\pro.win32\gameserver\center_server\debug\center_server.tlog\link.read.1.tlog
g:\test\game_server\pro.win32\gameserver\center_server\debug\center_server.tlog\link.write.1.tlog
